<?xml version="1.0" encoding="UTF-8"?>
<!-- Generated by org.testng.reporters.JUnitXMLReporter -->
<testsuite hostname="Fabio" ignored="0" name="Test2" tests="3" failures="0" timestamp="2020-06-09T12:14:22 CEST" time="25.171" errors="0">
  <testcase name="test" time="0.0" classname="utils.ExcelDataProvider">
    <skipped/>
  </testcase> <!-- test -->
  <testcase name="test" time="12.493" classname="utils.ExcelDataProvider"/>
  <testcase name="test" time="12.629" classname="utils.ExcelDataProvider"/>
</testsuite> <!-- Test2 -->
