<?xml version="1.0" encoding="UTF-8"?>
<!-- Generated by org.testng.reporters.JUnitXMLReporter -->
<testsuite hostname="Fabio" ignored="0" name="Test" tests="3" failures="0" timestamp="2020-06-09T12:13:57 CEST" time="12.69" errors="0">
  <testcase name="test" time="7.288" classname="utils.ExcelDataProvider"/>
  <testcase name="test" time="0.0" classname="utils.ExcelDataProvider">
    <skipped/>
  </testcase> <!-- test -->
  <testcase name="test" time="4.507" classname="utils.ExcelDataProvider"/>
</testsuite> <!-- Test -->
